<?xml version="1.0" encoding="UTF-8"?>
<!-- Generated by org.testng.reporters.JUnitReportReporter -->
<testsuite hostname="LAPTOP-JO5RSEIK" failures="0" tests="2" name="Appium.Fisrt.AppTest" time="34.278" errors="0" timestamp="2024-02-26T01:10:34 EET" skipped="0">
  <testcase classname="Appium.Fisrt.AppTest" name="Login" time="23.086"/>
  <testcase classname="Appium.Fisrt.AppTest" name="FillData" time="11.192"/>
</testsuite> <!-- Appium.Fisrt.AppTest -->
